<?xml version="1.0" encoding="UTF-8"?>
<!-- Generated by org.testng.reporters.JUnitXMLReporter -->
<testsuite ignored="0" hostname="LAPTOP-D6FAS4HN" failures="0" tests="3" name="Default test" time="22.219" errors="0" timestamp="2022-11-29T11:31:29 IST">
  <testcase classname="Example.TestFrames1" name="TestLaunchFrames" time="2.398"/>
  <testcase classname="Example.TestFrames1" name="TestFramesInPage" time="0.021"/>
  <testcase classname="Example.TestFrames1" name="TestFrameNavigation" time="17.682"/>
</testsuite> <!-- Default test -->
