<?xml version="1.0" encoding="UTF-8"?>
<testng-results ignored="0" total="3" passed="3" failed="0" skipped="0">
  <reporter-output>
  </reporter-output>
  <suite started-at="2022-11-29T11:31:06 IST" name="Default suite" finished-at="2022-11-29T11:31:29 IST" duration-ms="22219">
    <groups>
    </groups>
    <test started-at="2022-11-29T11:31:06 IST" name="Default test" finished-at="2022-11-29T11:31:29 IST" duration-ms="22219">
      <class name="Example.TestFrames1">
        <test-method is-config="true" signature="beforeClass()[pri:0, instance:Example.TestFrames1@7880cdf3]" started-at="2022-11-29T11:31:06 IST" name="beforeClass" finished-at="2022-11-29T11:31:08 IST" duration-ms="1772" status="PASS">
          <reporter-output>
          </reporter-output>
        </test-method> <!-- beforeClass -->
        <test-method signature="TestLaunchFrames()[pri:1, instance:Example.TestFrames1@7880cdf3]" started-at="2022-11-29T11:31:08 IST" name="TestLaunchFrames" finished-at="2022-11-29T11:31:11 IST" duration-ms="2398" status="PASS">
          <reporter-output>
          </reporter-output>
        </test-method> <!-- TestLaunchFrames -->
        <test-method signature="TestFramesInPage()[pri:2, instance:Example.TestFrames1@7880cdf3]" started-at="2022-11-29T11:31:11 IST" name="TestFramesInPage" finished-at="2022-11-29T11:31:11 IST" depends-on-methods="Example.TestFrames1.TestLaunchFrames" duration-ms="21" status="PASS">
          <reporter-output>
          </reporter-output>
        </test-method> <!-- TestFramesInPage -->
        <test-method signature="TestFrameNavigation()[pri:3, instance:Example.TestFrames1@7880cdf3]" started-at="2022-11-29T11:31:11 IST" name="TestFrameNavigation" finished-at="2022-11-29T11:31:28 IST" depends-on-methods="Example.TestFrames1.TestFramesInPage" duration-ms="17682" status="PASS">
          <reporter-output>
          </reporter-output>
        </test-method> <!-- TestFrameNavigation -->
        <test-method is-config="true" signature="afterClass()[pri:0, instance:Example.TestFrames1@7880cdf3]" started-at="2022-11-29T11:31:28 IST" name="afterClass" finished-at="2022-11-29T11:31:29 IST" duration-ms="315" status="PASS">
          <reporter-output>
          </reporter-output>
        </test-method> <!-- afterClass -->
      </class> <!-- Example.TestFrames1 -->
    </test> <!-- Default test -->
  </suite> <!-- Default suite -->
</testng-results>
